make all --print-data-base --no-builtin-variables --no-builtin-rules --question
# GNU Make 4.3
# Built for x86_64-pc-linux-gnu
# Copyright (C) 1988-2020 Free Software Foundation, Inc.
# License GPLv3+: GNU GPL version 3 or later <http://gnu.org/licenses/gpl.html>
# This is free software: you are free to change and redistribute it.
# There is NO WARRANTY, to the extent permitted by law.

# Make data base, printed on Fri Dec 24 21:36:58 2021
 

# Variables

# makefile (from 'Makefile', line 1)
PROJ_NAME = Machfly
# environment
GDK_BACKEND = x11
# environment
LC_ALL = C
# makefile (from 'Makefile', line 22)
SRC = $(call rwildcard,$(SRCDIR),*.cpp)
# environment
GNOME_SHELL_SESSION_MODE = ubuntu
# environment
SSH_AGENT_LAUNCHER = gnome-keyring
# makefile (from 'Makefile', line 10)
OBJDIR := Build
# environment
GJS_DEBUG_OUTPUT = stderr
# environment
VSCODE_IPC_HOOK_EXTHOST = /run/user/1000/vscode-ipc-c7d94038-dee2-445b-b15d-b47ca5281ae3.sock
# environment
VSCODE_CWD = /home/nebula
# default
MAKE_COMMAND := make
# environment
QT_ACCESSIBILITY = 1
# automatic
@D = $(patsubst %/,%,$(dir $@))
# environment
PYENV_SHELL = bash
# environment
VSCODE_HANDLES_UNCAUGHT_ERRORS = true
# default
.VARIABLES := 
# environment
PWD = /home/nebula/Projects/_/Machfly
# automatic
%D = $(patsubst %/,%,$(dir $%))
# environment
XDG_DATA_DIRS = /usr/share/ubuntu:/usr/local/share/:/usr/share/:/var/lib/snapd/desktop
# automatic
^D = $(patsubst %/,%,$(dir $^))
# environment
VSCODE_LOG_STACK = false
# automatic
%F = $(notdir $%)
# environment
VSCODE_CODE_CACHE_PATH = /home/nebula/.config/Code/CachedData/fe719cd3e5825bf14e14182fddeb88ee8daf044f
# environment
LANG = C
# environment
XAUTHORITY = /run/user/1000/.mutter-Xwaylandauth.GHRUE1
# default
.LOADED := 
# default
.INCLUDE_DIRS = /usr/local/include /usr/include /usr/include
# makefile
MAKEFLAGS = pqrR
# makefile
CURDIR := /home/nebula/Projects/_/Machfly
# environment
VSCODE_PIPE_LOGGING = true
# environment
APPLICATION_INSIGHTS_NO_DIAGNOSTIC_CHANNEL = true
# automatic
*D = $(patsubst %/,%,$(dir $*))
# makefile (from 'Makefile', line 24)
DIRS = $(wildcard $(SRCDIR)/*)
# environment
MFLAGS = -pqrR
# environment
SSH_AUTH_SOCK = /run/user/1000/keyring/ssh
# default
.SHELLFLAGS := -c
# environment
WAYLAND_DISPLAY = wayland-0
# environment
XDG_CONFIG_DIRS = /etc/xdg/xdg-ubuntu:/etc/xdg
# automatic
+D = $(patsubst %/,%,$(dir $+))
# environment
VSCODE_CRASH_REPORTER_START_OPTIONS = {"companyName":"Microsoft","productName":"VSCode","submitURL":"appcenter://code?aid=fba07a4d-84bd-4fc8-a125-9640fc8ce171&uid=bce720ae-654a-4ba6-af3f-e455c1bc63b2&iid=bce720ae-654a-4ba6-af3f-e455c1bc63b2&sid=bce720ae-654a-4ba6-af3f-e455c1bc63b2","uploadToServer":true}
# environment
XDG_SESSION_DESKTOP = ubuntu
# makefile (from 'Makefile', line 1)
MAKEFILE_LIST := Makefile
# automatic
@F = $(notdir $@)
# environment
VSCODE_VERBOSE_LOGGING = true
# environment
VSCODE_PID = 11533
# environment
XDG_SESSION_TYPE = wayland
# automatic
?D = $(patsubst %/,%,$(dir $?))
# environment
SESSION_MANAGER = local/nebula-ThinkPad-L430:@/tmp/.ICE-unix/1730,unix/nebula-ThinkPad-L430:/tmp/.ICE-unix/1730
# automatic
*F = $(notdir $*)
# environment
CHROME_DESKTOP = code-url-handler.desktop
# environment
DBUS_SESSION_BUS_ADDRESS = unix:path=/run/user/1000/bus
# automatic
<D = $(patsubst %/,%,$(dir $<))
# makefile (from 'Makefile', line 2)
CHAR_NAME = Mufli
# environment
VSCODE_NLS_CONFIG = {"locale":"en-gb","availableLanguages":{},"_languagePackSupport":true}
# environment
BREAKPAD_DUMP_LOCATION = /home/nebula/.config/Code/exthost Crash Reports
# default
MAKE_HOST := x86_64-pc-linux-gnu
# makefile (from 'Makefile', line 23)
OBJS = $(patsubst $(SRCDIR)/%.cpp, $(OBJDIR)/%.o, $(SRC))
# environment
GNOME_DESKTOP_SESSION_ID = this-is-deprecated
# makefile
SHELL = /bin/sh
# default
MAKECMDGOALS := all
# environment
XMODIFIERS = @im=ibus
# environment
GJS_DEBUG_TOPICS = JS ERROR;JS LOG
# environment
SHLVL = 0
# environment
MAKELEVEL := 0
# environment
IM_CONFIG_CHECK_ENV = 1
# default
MAKE = $(MAKE_COMMAND)
# environment
PATH = /home/nebula/.pyenv/bin:/home/nebula/.pyenv/bin:/usr/local/sbin:/usr/local/bin:/usr/sbin:/usr/bin:/sbin:/bin:/usr/games:/usr/local/games:/snap/bin:/snap/bin
# default
MAKEFILES := 
# environment
LANGUAGE = en_IN:en
# automatic
^F = $(notdir $^)
# environment
INVOCATION_ID = f4802f328f7748fc9721cf65f8d8a902
# environment
VSCODE_LOG_NATIVE = false
# environment
USERNAME = nebula
# environment
GNOME_SETUP_DISPLAY = :1
# automatic
?F = $(notdir $?)
# environment
XDG_CURRENT_DESKTOP = Unity
# automatic
+F = $(notdir $+)
# environment
DESKTOP_SESSION = ubuntu
# environment
ORIGINAL_XDG_CURRENT_DESKTOP = ubuntu:GNOME
# environment
PYENV_ROOT = /home/nebula/.pyenv
# 'override' directive
GNUMAKEFLAGS := 
# environment
LOGNAME = nebula
# environment
GIO_LAUNCHED_DESKTOP_FILE = /usr/share/applications/code.desktop
# makefile (from 'Makefile', line 4)
MACHFLY_VERSION = 0.2
# makefile (from 'Makefile', line 6)
MACHFLY_LISCENCE = Copyright@2021
# makefile
.DEFAULT_GOAL := obj
# environment
SYSTEMD_EXEC_PID = 1748
# environment
DISPLAY = :0
# environment
USER = nebula
# environment
GTK_MODULES = gail:atk-bridge
# default
MAKE_VERSION := 4.3
# environment
MANAGERPID = 1550
# environment
GIO_LAUNCHED_DESKTOP_FILE_PID = 11533
# environment
_ = /usr/share/code/code
# environment
XDG_RUNTIME_DIR = /run/user/1000
# makefile (from 'Makefile', line 12)
GPPPARAMS := -IMachfly/ -DMACHFLY_VERSION='"0.2"' -DBUILD_ID='"20210420_xCsbbwuwnwop"' -DMACHFLY_LISCENCE='"Copyright@2021"' -fno-stack-protector
# environment
JOURNAL_STREAM = 8:33020
# environment
XDG_SESSION_CLASS = user
# environment
VSCODE_AMD_ENTRYPOINT = vs/workbench/services/extensions/node/extensionHostProcess
# environment
HOME = /home/nebula
# environment
QT_IM_MODULE = ibus
# environment
ELECTRON_RUN_AS_NODE = 1
# environment
VSCODE_IPC_HOOK = /run/user/1000/vscode-0aabb57b-1.63.1-main.sock
# makefile (from 'Makefile', line 5)
BUILD_ID = 20210420_xCsbbwuwnwop
# makefile (from 'Makefile', line 9)
SRCDIR := Machfly
# environment
IM_CONFIG_PHASE = 1
# default
.RECIPEPREFIX := 
# automatic
<F = $(notdir $<)
# default
SUFFIXES := 
# default
.FEATURES := target-specific order-only second-expansion else-if shortest-stem undefine oneshell nocomment grouped-target extra-prereqs archives jobserver output-sync check-symlink load
# makefile (from 'Makefile', line 8)
BUILDDIR := Binary
# environment
XDG_MENU_PREFIX = gnome-
# environment
GDMSESSION = ubuntu
# makefile (from 'Makefile', line 20)
rwildcard = $(foreach d,$(wildcard $(1:=/*)),$(call rwildcard,$d,$2) $(filter $(subst *,%,$2),$d))
# variable set hash-table stats:
# Load=114/1024=11%, Rehash=0, Collisions=7/181=4%

# Pattern-specific Variable Values

# No pattern-specific variable values.

# Directories

# Machfly/SVDocument (device 2057, inode 1803675): 6 files, no impossibilities.
 
# Machfly/SVDocument/SVDocumenParser.cpp (device 2057, inode 1788269): could not be opened.
# Machfly (device 2057, inode 1802994): 6 files, no impossibilities.
# Machfly/SVDocument/SVDocument.cpp (device 2057, inode 1786685): could not be opened.
# Machfly/SVDocument/SVDocumentParser.h (device 2057, inode 1788283): could not be opened.
# . (device 2057, inode 1802968): 17 files, no impossibilities.
# Machfly/Genric/Filestream.h (device 2057, inode 1787402): could not be opened.
# Machfly/Genric (device 2057, inode 1803710): 4 files, no impossibilities.
# Machfly/Genric/Filestream.cpp (device 2057, inode 1789391): could not be opened.
# Machfly/Machfly.cpp (device 2057, inode 1787418): could not be opened.
# Machfly/meson.build (device 2057, inode 1715772): could not be opened.
# Machfly/SVDocument/SVDocument.h (device 2057, inode 1786680): could not be opened.

# 33 files, no impossibilities in 12 directories.

# Implicit Rules

Build/%.o: Machfly/%.cpp
#  recipe to execute (from 'Makefile', line 30):
	echo !=== COMPILING $^
	mkdir -p $(@D)
	g++ $(GPPPARAMS) -c -o $@ $<

# 1 implicit rules, 0 (0.0%) terminal.
# Files

# Not a target:
Machfly/Genric/Filestream.cpp:
#  Implicit rule search has been done.
#  Last modified 2021-12-24 14:46:40.30224302
#  File has been updated.
#  Successfully updated.

# Not a target:
Makefile:
#  Implicit rule search has been done.
#  Last modified 2021-12-24 13:00:11.869944868
#  File has been updated.
#  Successfully updated.

Build/Genric/Filestream.o: Machfly/Genric/Filestream.cpp
#  Implicit rule search has been done.
#  Implicit/static pattern stem: 'Genric/Filestream'
#  File does not exist.
#  File has been updated.
#  Needs to be updated (-q is set).
# automatic
# @ := Build/Genric/Filestream.o
# automatic
# * := Genric/Filestream
# automatic
# < := Machfly/Genric/Filestream.cpp
# automatic
# + := Machfly/Genric/Filestream.cpp
# automatic
# % := 
# automatic
# ^ := Machfly/Genric/Filestream.cpp
# automatic
# ? := Machfly/Genric/Filestream.cpp
# automatic
# | := 
# variable set hash-table stats:
# Load=8/32=25%, Rehash=0, Collisions=1/17=6%
#  recipe to execute (from 'Makefile', line 30):
	echo !=== COMPILING $^
	mkdir -p $(@D)
	g++ $(GPPPARAMS) -c -o $@ $<

# Not a target:
Build/Machfly.o:
#  Implicit rule search has not been done.
#  Modification time never checked.
#  File has not been updated.

obj: Build/Genric/Filestream.o Build/Machfly.o Build/SVDocument/SVDocumenParser.o Build/SVDocument/SVDocument.o
#  Implicit rule search has been done.
#  File does not exist.
#  File has been updated.
#  Needs to be updated (-q is set).
# variable set hash-table stats:
# Load=0/32=0%, Rehash=0, Collisions=0/5=0%

# Not a target:
.DEFAULT:
#  Implicit rule search has not been done.
#  Modification time never checked.
#  File has not been updated.

all: obj link run
#  Command line target.
#  Implicit rule search has been done.
#  File does not exist.
#  File has been updated.
#  Needs to be updated (-q is set).
# variable set hash-table stats:
# Load=0/32=0%, Rehash=0, Collisions=0/5=0%

run:
#  Implicit rule search has not been done.
#  Modification time never checked.
#  File has not been updated.
#  recipe to execute (from 'Makefile', line 39):
	$(BUILDDIR)/Machfly

link:
#  Implicit rule search has not been done.
#  Modification time never checked.
#  File has not been updated.
#  recipe to execute (from 'Makefile', line 36):
	g++ $(OBJS) -o $(BUILDDIR)/Machfly

# Not a target:
Build/SVDocument/SVDocument.o:
#  Implicit rule search has not been done.
#  Modification time never checked.
#  File has not been updated.

# Not a target:
Build/SVDocument/SVDocumenParser.o:
#  Implicit rule search has not been done.
#  Modification time never checked.
#  File has not been updated.

# files hash-table stats:
# Load=12/1024=1%, Rehash=0, Collisions=0/33=0%
# VPATH Search Paths

# No 'vpath' search paths.

# No general ('VPATH' variable) search path.

# strcache buffers: 1 (0) / strings = 51 / storage = 739 B / avg = 14 B
# current buf: size = 8162 B / used = 739 B / count = 51 / avg = 14 B

# strcache performance: lookups = 73 / hit rate = 30%
# hash-table stats:
# Load=51/8192=1%, Rehash=0, Collisions=0/73=0%
# Finished Make data base on Fri Dec 24 21:36:58 2021

 
